# JRE version: OpenJDK Runtime Environment Temurin-17.0.12+7 (17.0.12+7) (build 17.0.12+7)
# Java VM: OpenJDK 64-Bit Server VM Temurin-17.0.12+7 (17.0.12+7, mixed mode, tiered, compressed oops, compressed class ptrs, parallel gc, windows-amd64)
GC Precious Log:
 CPUs: 8 total, 8 available
 Memory: 8056M
 Large Page Support: Disabled
 NUMA Support: Disabled
 Compressed Oops: Enabled (32-bit)
 Alignments: Space 512K, Generation 512K, Heap 2M
 Heap Min Capacity: 100M
 Heap Initial Capacity: 100M
 Heap Max Capacity: 1G
 Pre-touch: Disabled
 Parallel Workers: 8
Heap:
 PSYoungGen      total 5632K, used 4188K [0x00000000eab00000, 0x00000000eb580000, 0x0000000100000000)
  eden space 5120K, 72% used [0x00000000eab00000,0x00000000eae9a0a8,0x00000000eb000000)
  from space 512K, 97% used [0x00000000eb480000,0x00000000eb4fd220,0x00000000eb500000)
  to   space 512K, 0% used [0x00000000eb500000,0x00000000eb500000,0x00000000eb580000)
 ParOldGen       total 122368K, used 108710K [0x00000000c0000000, 0x00000000c7780000, 0x00000000eab00000)
  object space 122368K, 88% used [0x00000000c0000000,0x00000000c6a29bd0,0x00000000c7780000)
 Metaspace       used 81669K, committed 83008K, reserved 1179648K
  class space    used 8525K, committed 9152K, reserved 1048576K
GC Heap History (20 events):
Event: 60.177 GC heap before
{Heap before GC invocations=245 (full 8):
 PSYoungGen      total 10240K, used 10004K [0x00000000eab00000, 0x00000000eba00000, 0x0000000100000000)
  eden space 6144K, 100% used [0x00000000eab00000,0x00000000eb100000,0x00000000eb100000)
  from space 4096K, 94% used [0x00000000eb100000,0x00000000eb4c5220,0x00000000eb500000)
  to   space 4096K, 0% used [0x00000000eb600000,0x00000000eb600000,0x00000000eba00000)
 ParOldGen       total 122368K, used 91942K [0x00000000c0000000, 0x00000000c7780000, 0x00000000eab00000)
  object space 122368K, 75% used [0x00000000c0000000,0x00000000c59c9988,0x00000000c7780000)
 Metaspace       used 81050K, committed 82368K, reserved 1179648K
  class space    used 8478K, committed 9088K, reserved 1048576K
}
Event: 60.188 GC heap after
{Heap after GC invocations=245 (full 8):
 PSYoungGen      total 7168K, used 4084K [0x00000000eab00000, 0x00000000ec200000, 0x0000000100000000)
  eden space 3072K, 0% used [0x00000000eab00000,0x00000000eab00000,0x00000000eae00000)
  from space 4096K, 99% used [0x00000000eb600000,0x00000000eb9fd220,0x00000000eba00000)
  to   space 8192K, 0% used [0x00000000eae00000,0x00000000eae00000,0x00000000eb600000)
 ParOldGen       total 122368K, used 95174K [0x00000000c0000000, 0x00000000c7780000, 0x00000000eab00000)
  object space 122368K, 77% used [0x00000000c0000000,0x00000000c5cf1988,0x00000000c7780000)
 Metaspace       used 81050K, committed 82368K, reserved 1179648K
  class space    used 8478K, committed 9088K, reserved 1048576K
}
Event: 60.241 GC heap before
{Heap before GC invocations=246 (full 8):
 PSYoungGen      total 7168K, used 7156K [0x00000000eab00000, 0x00000000ec200000, 0x0000000100000000)
  eden space 3072K, 100% used [0x00000000eab00000,0x00000000eae00000,0x00000000eae00000)
  from space 4096K, 99% used [0x00000000eb600000,0x00000000eb9fd220,0x00000000eba00000)
  to   space 8192K, 0% used [0x00000000eae00000,0x00000000eae00000,0x00000000eb600000)
 ParOldGen       total 122368K, used 95174K [0x00000000c0000000, 0x00000000c7780000, 0x00000000eab00000)
  object space 122368K, 77% used [0x00000000c0000000,0x00000000c5cf1988,0x00000000c7780000)
 Metaspace       used 81080K, committed 82432K, reserved 1179648K
  class space    used 8483K, committed 9088K, reserved 1048576K
}
Event: 60.249 GC heap after
{Heap after GC invocations=246 (full 8):
 PSYoungGen      total 5632K, used 2144K [0x00000000eab00000, 0x00000000eb680000, 0x0000000100000000)
  eden space 3072K, 0% used [0x00000000eab00000,0x00000000eab00000,0x00000000eae00000)
  from space 2560K, 83% used [0x00000000eae00000,0x00000000eb018000,0x00000000eb080000)
  to   space 4096K, 0% used [0x00000000eb280000,0x00000000eb280000,0x00000000eb680000)
 ParOldGen       total 122368K, used 99242K [0x00000000c0000000, 0x00000000c7780000, 0x00000000eab00000)
  object space 122368K, 81% used [0x00000000c0000000,0x00000000c60eaba8,0x00000000c7780000)
 Metaspace       used 81080K, committed 82432K, reserved 1179648K
  class space    used 8483K, committed 9088K, reserved 1048576K
}
Event: 60.274 GC heap before
{Heap before GC invocations=247 (full 8):
 PSYoungGen      total 5632K, used 5216K [0x00000000eab00000, 0x00000000eb680000, 0x0000000100000000)
  eden space 3072K, 100% used [0x00000000eab00000,0x00000000eae00000,0x00000000eae00000)
  from space 2560K, 83% used [0x00000000eae00000,0x00000000eb018000,0x00000000eb080000)
  to   space 4096K, 0% used [0x00000000eb280000,0x00000000eb280000,0x00000000eb680000)
 ParOldGen       total 122368K, used 99242K [0x00000000c0000000, 0x00000000c7780000, 0x00000000eab00000)
  object space 122368K, 81% used [0x00000000c0000000,0x00000000c60eaba8,0x00000000c7780000)
 Metaspace       used 81080K, committed 82432K, reserved 1179648K
  class space    used 8483K, committed 9088K, reserved 1048576K
}
Event: 60.280 GC heap after
{Heap after GC invocations=247 (full 8):
 PSYoungGen      total 7168K, used 3936K [0x00000000eab00000, 0x00000000eb780000, 0x0000000100000000)
  eden space 3072K, 0% used [0x00000000eab00000,0x00000000eab00000,0x00000000eae00000)
  from space 4096K, 96% used [0x00000000eb280000,0x00000000eb658000,0x00000000eb680000)
  to   space 4608K, 0% used [0x00000000eae00000,0x00000000eae00000,0x00000000eb280000)
 ParOldGen       total 122368K, used 99242K [0x00000000c0000000, 0x00000000c7780000, 0x00000000eab00000)
  object space 122368K, 81% used [0x00000000c0000000,0x00000000c60eaba8,0x00000000c7780000)
 Metaspace       used 81080K, committed 82432K, reserved 1179648K
  class space    used 8483K, committed 9088K, reserved 1048576K
}
Event: 60.330 GC heap before
{Heap before GC invocations=248 (full 8):
 PSYoungGen      total 7168K, used 7008K [0x00000000eab00000, 0x00000000eb780000, 0x0000000100000000)
  eden space 3072K, 100% used [0x00000000eab00000,0x00000000eae00000,0x00000000eae00000)
  from space 4096K, 96% used [0x00000000eb280000,0x00000000eb658000,0x00000000eb680000)
  to   space 4608K, 0% used [0x00000000eae00000,0x00000000eae00000,0x00000000eb280000)
 ParOldGen       total 122368K, used 99242K [0x00000000c0000000, 0x00000000c7780000, 0x00000000eab00000)
  object space 122368K, 81% used [0x00000000c0000000,0x00000000c60eaba8,0x00000000c7780000)
 Metaspace       used 81090K, committed 82432K, reserved 1179648K
  class space    used 8483K, committed 9088K, reserved 1048576K
}
Event: 60.338 GC heap after
{Heap after GC invocations=248 (full 8):
 PSYoungGen      total 7680K, used 4608K [0x00000000eab00000, 0x00000000eb880000, 0x0000000100000000)
  eden space 3072K, 0% used [0x00000000eab00000,0x00000000eab00000,0x00000000eae00000)
  from space 4608K, 100% used [0x00000000eae00000,0x00000000eb280000,0x00000000eb280000)
  to   space 5120K, 0% used [0x00000000eb380000,0x00000000eb380000,0x00000000eb880000)
 ParOldGen       total 122368K, used 99474K [0x00000000c0000000, 0x00000000c7780000, 0x00000000eab00000)
  object space 122368K, 81% used [0x00000000c0000000,0x00000000c6124ba8,0x00000000c7780000)
 Metaspace       used 81090K, committed 82432K, reserved 1179648K
  class space    used 8483K, committed 9088K, reserved 1048576K
}
Event: 60.365 GC heap before
{Heap before GC invocations=249 (full 8):
 PSYoungGen      total 7680K, used 7680K [0x00000000eab00000, 0x00000000eb880000, 0x0000000100000000)
  eden space 3072K, 100% used [0x00000000eab00000,0x00000000eae00000,0x00000000eae00000)
  from space 4608K, 100% used [0x00000000eae00000,0x00000000eb280000,0x00000000eb280000)
  to   space 5120K, 0% used [0x00000000eb380000,0x00000000eb380000,0x00000000eb880000)
 ParOldGen       total 122368K, used 99474K [0x00000000c0000000, 0x00000000c7780000, 0x00000000eab00000)
  object space 122368K, 81% used [0x00000000c0000000,0x00000000c6124ba8,0x00000000c7780000)
 Metaspace       used 81093K, committed 82432K, reserved 1179648K
  class space    used 8483K, committed 9088K, reserved 1048576K
}
Event: 60.376 GC heap after
{Heap after GC invocations=249 (full 8):
 PSYoungGen      total 7680K, used 3264K [0x00000000eab00000, 0x00000000eb700000, 0x0000000100000000)
  eden space 4096K, 0% used [0x00000000eab00000,0x00000000eab00000,0x00000000eaf00000)
  from space 3584K, 91% used [0x00000000eb380000,0x00000000eb6b0000,0x00000000eb700000)
  to   space 4096K, 0% used [0x00000000eaf00000,0x00000000eaf00000,0x00000000eb300000)
 ParOldGen       total 122368K, used 103182K [0x00000000c0000000, 0x00000000c7780000, 0x00000000eab00000)
  object space 122368K, 84% used [0x00000000c0000000,0x00000000c64c3bd0,0x00000000c7780000)
 Metaspace       used 81093K, committed 82432K, reserved 1179648K
  class space    used 8483K, committed 9088K, reserved 1048576K
}
Event: 60.656 GC heap before
{Heap before GC invocations=250 (full 8):
 PSYoungGen      total 7680K, used 7360K [0x00000000eab00000, 0x00000000eb700000, 0x0000000100000000)
  eden space 4096K, 100% used [0x00000000eab00000,0x00000000eaf00000,0x00000000eaf00000)
  from space 3584K, 91% used [0x00000000eb380000,0x00000000eb6b0000,0x00000000eb700000)
  to   space 4096K, 0% used [0x00000000eaf00000,0x00000000eaf00000,0x00000000eb300000)
 ParOldGen       total 122368K, used 103182K [0x00000000c0000000, 0x00000000c7780000, 0x00000000eab00000)
  object space 122368K, 84% used [0x00000000c0000000,0x00000000c64c3bd0,0x00000000c7780000)
 Metaspace       used 81095K, committed 82432K, reserved 1179648K
  class space    used 8483K, committed 9088K, reserved 1048576K
}
Event: 60.663 GC heap after
{Heap after GC invocations=250 (full 8):
 PSYoungGen      total 8192K, used 4096K [0x00000000eab00000, 0x00000000ebb80000, 0x0000000100000000)
  eden space 4096K, 0% used [0x00000000eab00000,0x00000000eab00000,0x00000000eaf00000)
  from space 4096K, 100% used [0x00000000eaf00000,0x00000000eb300000,0x00000000eb300000)
  to   space 6144K, 0% used [0x00000000eb580000,0x00000000eb580000,0x00000000ebb80000)
 ParOldGen       total 122368K, used 104646K [0x00000000c0000000, 0x00000000c7780000, 0x00000000eab00000)
  object space 122368K, 85% used [0x00000000c0000000,0x00000000c6631bd0,0x00000000c7780000)
 Metaspace       used 81095K, committed 82432K, reserved 1179648K
  class space    used 8483K, committed 9088K, reserved 1048576K
}
Event: 61.465 GC heap before
{Heap before GC invocations=251 (full 8):
 PSYoungGen      total 8192K, used 8191K [0x00000000eab00000, 0x00000000ebb80000, 0x0000000100000000)
  eden space 4096K, 99% used [0x00000000eab00000,0x00000000eaefffd8,0x00000000eaf00000)
  from space 4096K, 100% used [0x00000000eaf00000,0x00000000eb300000,0x00000000eb300000)
  to   space 6144K, 0% used [0x00000000eb580000,0x00000000eb580000,0x00000000ebb80000)
 ParOldGen       total 122368K, used 104646K [0x00000000c0000000, 0x00000000c7780000, 0x00000000eab00000)
  object space 122368K, 85% used [0x00000000c0000000,0x00000000c6631bd0,0x00000000c7780000)
 Metaspace       used 81122K, committed 82496K, reserved 1179648K
  class space    used 8483K, committed 9088K, reserved 1048576K
}
Event: 61.473 GC heap after
{Heap after GC invocations=251 (full 8):
 PSYoungGen      total 5632K, used 692K [0x00000000eab00000, 0x00000000eb680000, 0x0000000100000000)
  eden space 4608K, 0% used [0x00000000eab00000,0x00000000eab00000,0x00000000eaf80000)
  from space 1024K, 67% used [0x00000000eb580000,0x00000000eb62d220,0x00000000eb680000)
  to   space 2560K, 0% used [0x00000000eb180000,0x00000000eb180000,0x00000000eb400000)
 ParOldGen       total 122368K, used 108678K [0x00000000c0000000, 0x00000000c7780000, 0x00000000eab00000)
  object space 122368K, 88% used [0x00000000c0000000,0x00000000c6a21bd0,0x00000000c7780000)
 Metaspace       used 81122K, committed 82496K, reserved 1179648K
  class space    used 8483K, committed 9088K, reserved 1048576K
}
Event: 61.567 GC heap before
{Heap before GC invocations=252 (full 8):
 PSYoungGen      total 5632K, used 5300K [0x00000000eab00000, 0x00000000eb680000, 0x0000000100000000)
  eden space 4608K, 100% used [0x00000000eab00000,0x00000000eaf80000,0x00000000eaf80000)
  from space 1024K, 67% used [0x00000000eb580000,0x00000000eb62d220,0x00000000eb680000)
  to   space 2560K, 0% used [0x00000000eb180000,0x00000000eb180000,0x00000000eb400000)
 ParOldGen       total 122368K, used 108678K [0x00000000c0000000, 0x00000000c7780000, 0x00000000eab00000)
  object space 122368K, 88% used [0x00000000c0000000,0x00000000c6a21bd0,0x00000000c7780000)
 Metaspace       used 81225K, committed 82560K, reserved 1179648K
  class space    used 8491K, committed 9088K, reserved 1048576K
}
Event: 61.570 GC heap after
{Heap after GC invocations=252 (full 8):
 PSYoungGen      total 7680K, used 660K [0x00000000eab00000, 0x00000000eb600000, 0x0000000100000000)
  eden space 5120K, 0% used [0x00000000eab00000,0x00000000eab00000,0x00000000eb000000)
  from space 2560K, 25% used [0x00000000eb180000,0x00000000eb225220,0x00000000eb400000)
  to   space 1024K, 0% used [0x00000000eb500000,0x00000000eb500000,0x00000000eb600000)
 ParOldGen       total 122368K, used 108678K [0x00000000c0000000, 0x00000000c7780000, 0x00000000eab00000)
  object space 122368K, 88% used [0x00000000c0000000,0x00000000c6a21bd0,0x00000000c7780000)
 Metaspace       used 81225K, committed 82560K, reserved 1179648K
  class space    used 8491K, committed 9088K, reserved 1048576K
}
Event: 9886.708 GC heap before
{Heap before GC invocations=253 (full 8):
 PSYoungGen      total 7680K, used 5780K [0x00000000eab00000, 0x00000000eb600000, 0x0000000100000000)
  eden space 5120K, 100% used [0x00000000eab00000,0x00000000eb000000,0x00000000eb000000)
  from space 2560K, 25% used [0x00000000eb180000,0x00000000eb225220,0x00000000eb400000)
  to   space 1024K, 0% used [0x00000000eb500000,0x00000000eb500000,0x00000000eb600000)
 ParOldGen       total 122368K, used 108678K [0x00000000c0000000, 0x00000000c7780000, 0x00000000eab00000)
  object space 122368K, 88% used [0x00000000c0000000,0x00000000c6a21bd0,0x00000000c7780000)
 Metaspace       used 81554K, committed 82880K, reserved 1179648K
  class space    used 8517K, committed 9152K, reserved 1048576K
}
Event: 9887.193 GC heap after
{Heap after GC invocations=253 (full 8):
 PSYoungGen      total 5632K, used 346K [0x00000000eab00000, 0x00000000eb580000, 0x0000000100000000)
  eden space 5120K, 0% used [0x00000000eab00000,0x00000000eab00000,0x00000000eb000000)
  from space 512K, 67% used [0x00000000eb500000,0x00000000eb556920,0x00000000eb580000)
  to   space 512K, 0% used [0x00000000eb480000,0x00000000eb480000,0x00000000eb500000)
 ParOldGen       total 122368K, used 108686K [0x00000000c0000000, 0x00000000c7780000, 0x00000000eab00000)
  object space 122368K, 88% used [0x00000000c0000000,0x00000000c6a23bd0,0x00000000c7780000)
 Metaspace       used 81554K, committed 82880K, reserved 1179648K
  class space    used 8517K, committed 9152K, reserved 1048576K
}
Event: 9888.564 GC heap before
{Heap before GC invocations=254 (full 8):
 PSYoungGen      total 5632K, used 5466K [0x00000000eab00000, 0x00000000eb580000, 0x0000000100000000)
  eden space 5120K, 100% used [0x00000000eab00000,0x00000000eb000000,0x00000000eb000000)
  from space 512K, 67% used [0x00000000eb500000,0x00000000eb556920,0x00000000eb580000)
  to   space 512K, 0% used [0x00000000eb480000,0x00000000eb480000,0x00000000eb500000)
 ParOldGen       total 122368K, used 108686K [0x00000000c0000000, 0x00000000c7780000, 0x00000000eab00000)
  object space 122368K, 88% used [0x00000000c0000000,0x00000000c6a23bd0,0x00000000c7780000)
 Metaspace       used 81662K, committed 83008K, reserved 1179648K
  class space    used 8525K, committed 9152K, reserved 1048576K
}
Event: 9888.581 GC heap after
{Heap after GC invocations=254 (full 8):
 PSYoungGen      total 5632K, used 500K [0x00000000eab00000, 0x00000000eb580000, 0x0000000100000000)
  eden space 5120K, 0% used [0x00000000eab00000,0x00000000eab00000,0x00000000eb000000)
  from space 512K, 97% used [0x00000000eb480000,0x00000000eb4fd220,0x00000000eb500000)
  to   space 512K, 0% used [0x00000000eb500000,0x00000000eb500000,0x00000000eb580000)
 ParOldGen       total 122368K, used 108710K [0x00000000c0000000, 0x00000000c7780000, 0x00000000eab00000)
  object space 122368K, 88% used [0x00000000c0000000,0x00000000c6a29bd0,0x00000000c7780000)
 Metaspace       used 81662K, committed 83008K, reserved 1179648K
  class space    used 8525K, committed 9152K, reserved 1048576K
}

