# JRE version: OpenJDK Runtime Environment Temurin-17.0.12+7 (17.0.12+7) (build 17.0.12+7)
# Java VM: OpenJDK 64-Bit Server VM Temurin-17.0.12+7 (17.0.12+7, mixed mode, emulated-client, tiered, compressed oops, compressed class ptrs, g1 gc, windows-amd64)
GC Precious Log:
 CPUs: 8 total, 8 available
 Memory: 8056M
 Large Page Support: Disabled
 NUMA Support: Disabled
 Compressed Oops: Enabled (32-bit)
 Heap Region Size: 1M
 Heap Min Capacity: 8M
 Heap Initial Capacity: 126M
 Heap Max Capacity: 1G
 Pre-touch: Disabled
 Parallel Workers: 8
 Concurrent Workers: 2
 Concurrent Refinement Workers: 8
 Periodic GC: Disabled
Heap:
 garbage-first heap   total 99328K, used 39122K [0x00000000c0000000, 0x0000000100000000)
  region size 1024K, 1 young (1024K), 0 survivors (0K)
 Metaspace       used 61552K, committed 62400K, reserved 1114112K
  class space    used 7481K, committed 7808K, reserved 1048576K
GC Heap History (20 events):
Event: 75374.620 GC heap after
{Heap after GC invocations=7379 (full 7359):
 garbage-first heap   total 99328K, used 39122K [0x00000000c0000000, 0x0000000100000000)
  region size 1024K, 0 young (0K), 0 survivors (0K)
 Metaspace       used 61552K, committed 62400K, reserved 1114112K
  class space    used 7481K, committed 7808K, reserved 1048576K
}
Event: 75385.134 GC heap before
{Heap before GC invocations=7379 (full 7359):
 garbage-first heap   total 99328K, used 39122K [0x00000000c0000000, 0x0000000100000000)
  region size 1024K, 1 young (1024K), 0 survivors (0K)
 Metaspace       used 61552K, committed 62400K, reserved 1114112K
  class space    used 7481K, committed 7808K, reserved 1048576K
}
Event: 75385.234 GC heap after
{Heap after GC invocations=7380 (full 7360):
 garbage-first heap   total 99328K, used 39122K [0x00000000c0000000, 0x0000000100000000)
  region size 1024K, 0 young (0K), 0 survivors (0K)
 Metaspace       used 61552K, committed 62400K, reserved 1114112K
  class space    used 7481K, committed 7808K, reserved 1048576K
}
Event: 75395.461 GC heap before
{Heap before GC invocations=7380 (full 7360):
 garbage-first heap   total 99328K, used 39122K [0x00000000c0000000, 0x0000000100000000)
  region size 1024K, 1 young (1024K), 0 survivors (0K)
 Metaspace       used 61552K, committed 62400K, reserved 1114112K
  class space    used 7481K, committed 7808K, reserved 1048576K
}
Event: 75395.520 GC heap after
{Heap after GC invocations=7381 (full 7361):
 garbage-first heap   total 99328K, used 39122K [0x00000000c0000000, 0x0000000100000000)
  region size 1024K, 0 young (0K), 0 survivors (0K)
 Metaspace       used 61552K, committed 62400K, reserved 1114112K
  class space    used 7481K, committed 7808K, reserved 1048576K
}
Event: 75406.784 GC heap before
{Heap before GC invocations=7381 (full 7361):
 garbage-first heap   total 99328K, used 39122K [0x00000000c0000000, 0x0000000100000000)
  region size 1024K, 1 young (1024K), 0 survivors (0K)
 Metaspace       used 61552K, committed 62400K, reserved 1114112K
  class space    used 7481K, committed 7808K, reserved 1048576K
}
Event: 75406.895 GC heap after
{Heap after GC invocations=7382 (full 7362):
 garbage-first heap   total 99328K, used 39122K [0x00000000c0000000, 0x0000000100000000)
  region size 1024K, 0 young (0K), 0 survivors (0K)
 Metaspace       used 61552K, committed 62400K, reserved 1114112K
  class space    used 7481K, committed 7808K, reserved 1048576K
}
Event: 75417.451 GC heap before
{Heap before GC invocations=7382 (full 7362):
 garbage-first heap   total 99328K, used 39122K [0x00000000c0000000, 0x0000000100000000)
  region size 1024K, 1 young (1024K), 0 survivors (0K)
 Metaspace       used 61552K, committed 62400K, reserved 1114112K
  class space    used 7481K, committed 7808K, reserved 1048576K
}
Event: 75417.561 GC heap after
{Heap after GC invocations=7383 (full 7363):
 garbage-first heap   total 99328K, used 39122K [0x00000000c0000000, 0x0000000100000000)
  region size 1024K, 0 young (0K), 0 survivors (0K)
 Metaspace       used 61552K, committed 62400K, reserved 1114112K
  class space    used 7481K, committed 7808K, reserved 1048576K
}
Event: 75428.768 GC heap before
{Heap before GC invocations=7383 (full 7363):
 garbage-first heap   total 99328K, used 39122K [0x00000000c0000000, 0x0000000100000000)
  region size 1024K, 1 young (1024K), 0 survivors (0K)
 Metaspace       used 61552K, committed 62400K, reserved 1114112K
  class space    used 7481K, committed 7808K, reserved 1048576K
}
Event: 75428.873 GC heap after
{Heap after GC invocations=7384 (full 7364):
 garbage-first heap   total 99328K, used 39122K [0x00000000c0000000, 0x0000000100000000)
  region size 1024K, 0 young (0K), 0 survivors (0K)
 Metaspace       used 61552K, committed 62400K, reserved 1114112K
  class space    used 7481K, committed 7808K, reserved 1048576K
}
Event: 75439.437 GC heap before
{Heap before GC invocations=7384 (full 7364):
 garbage-first heap   total 99328K, used 39122K [0x00000000c0000000, 0x0000000100000000)
  region size 1024K, 1 young (1024K), 0 survivors (0K)
 Metaspace       used 61552K, committed 62400K, reserved 1114112K
  class space    used 7481K, committed 7808K, reserved 1048576K
}
Event: 75439.526 GC heap after
{Heap after GC invocations=7385 (full 7365):
 garbage-first heap   total 99328K, used 39122K [0x00000000c0000000, 0x0000000100000000)
  region size 1024K, 0 young (0K), 0 survivors (0K)
 Metaspace       used 61552K, committed 62400K, reserved 1114112K
  class space    used 7481K, committed 7808K, reserved 1048576K
}
Event: 75450.168 GC heap before
{Heap before GC invocations=7385 (full 7365):
 garbage-first heap   total 99328K, used 39122K [0x00000000c0000000, 0x0000000100000000)
  region size 1024K, 1 young (1024K), 0 survivors (0K)
 Metaspace       used 61552K, committed 62400K, reserved 1114112K
  class space    used 7481K, committed 7808K, reserved 1048576K
}
Event: 75450.265 GC heap after
{Heap after GC invocations=7386 (full 7366):
 garbage-first heap   total 99328K, used 39122K [0x00000000c0000000, 0x0000000100000000)
  region size 1024K, 0 young (0K), 0 survivors (0K)
 Metaspace       used 61552K, committed 62400K, reserved 1114112K
  class space    used 7481K, committed 7808K, reserved 1048576K
}
Event: 75461.115 GC heap before
{Heap before GC invocations=7386 (full 7366):
 garbage-first heap   total 99328K, used 39122K [0x00000000c0000000, 0x0000000100000000)
  region size 1024K, 1 young (1024K), 0 survivors (0K)
 Metaspace       used 61552K, committed 62400K, reserved 1114112K
  class space    used 7481K, committed 7808K, reserved 1048576K
}
Event: 75461.199 GC heap after
{Heap after GC invocations=7387 (full 7367):
 garbage-first heap   total 99328K, used 39122K [0x00000000c0000000, 0x0000000100000000)
  region size 1024K, 0 young (0K), 0 survivors (0K)
 Metaspace       used 61552K, committed 62400K, reserved 1114112K
  class space    used 7481K, committed 7808K, reserved 1048576K
}
Event: 75474.723 GC heap before
{Heap before GC invocations=7387 (full 7367):
 garbage-first heap   total 99328K, used 39122K [0x00000000c0000000, 0x0000000100000000)
  region size 1024K, 1 young (1024K), 0 survivors (0K)
 Metaspace       used 61552K, committed 62400K, reserved 1114112K
  class space    used 7481K, committed 7808K, reserved 1048576K
}
Event: 75474.833 GC heap after
{Heap after GC invocations=7388 (full 7368):
 garbage-first heap   total 99328K, used 39122K [0x00000000c0000000, 0x0000000100000000)
  region size 1024K, 0 young (0K), 0 survivors (0K)
 Metaspace       used 61552K, committed 62400K, reserved 1114112K
  class space    used 7481K, committed 7808K, reserved 1048576K
}
Event: 75495.410 GC heap before
{Heap before GC invocations=7388 (full 7368):
 garbage-first heap   total 99328K, used 39122K [0x00000000c0000000, 0x0000000100000000)
  region size 1024K, 1 young (1024K), 0 survivors (0K)
 Metaspace       used 61552K, committed 62400K, reserved 1114112K
  class space    used 7481K, committed 7808K, reserved 1048576K
}

