# JRE version: OpenJDK Runtime Environment Zulu17.44+15-CA (17.0.8+7) (build 17.0.8+7-LTS)
# Java VM: OpenJDK 64-Bit Server VM Zulu17.44+15-CA (17.0.8+7-LTS, mixed mode, sharing, tiered, compressed oops, compressed class ptrs, g1 gc, windows-amd64)
GC Precious Log:
 CPUs: 8 total, 8 available
 Memory: 8056M
 Large Page Support: Disabled
 NUMA Support: Disabled
 Compressed Oops: Enabled (32-bit)
 Heap Region Size: 1M
 Heap Min Capacity: 8M
 Heap Initial Capacity: 126M
 Heap Max Capacity: 2016M
 Pre-touch: Disabled
 Parallel Workers: 8
 Concurrent Workers: 2
 Concurrent Refinement Workers: 8
 Periodic GC: Disabled
Heap:
 garbage-first heap   total 101376K, used 65280K [0x0000000082000000, 0x0000000100000000)
  region size 1024K, 45 young (46080K), 6 survivors (6144K)
 Metaspace       used 57867K, committed 58240K, reserved 1114112K
  class space    used 7948K, committed 8128K, reserved 1048576K
GC Heap History (20 events):
Event: 5.051 GC heap before
{Heap before GC invocations=5 (full 0):
 garbage-first heap   total 51200K, used 37547K [0x0000000082000000, 0x0000000100000000)
  region size 1024K, 29 young (29696K), 5 survivors (5120K)
 Metaspace       used 24620K, committed 24960K, reserved 1114112K
  class space    used 3195K, committed 3392K, reserved 1048576K
}
Event: 5.067 GC heap after
{Heap after GC invocations=6 (full 0):
 garbage-first heap   total 51200K, used 14814K [0x0000000082000000, 0x0000000100000000)
  region size 1024K, 2 young (2048K), 2 survivors (2048K)
 Metaspace       used 24620K, committed 24960K, reserved 1114112K
  class space    used 3195K, committed 3392K, reserved 1048576K
}
Event: 5.118 GC heap before
{Heap before GC invocations=6 (full 0):
 garbage-first heap   total 51200K, used 15838K [0x0000000082000000, 0x0000000100000000)
  region size 1024K, 3 young (3072K), 2 survivors (2048K)
 Metaspace       used 24822K, committed 25152K, reserved 1114112K
  class space    used 3222K, committed 3392K, reserved 1048576K
}
Event: 5.126 GC heap after
{Heap after GC invocations=7 (full 0):
 garbage-first heap   total 51200K, used 15064K [0x0000000082000000, 0x0000000100000000)
  region size 1024K, 1 young (1024K), 1 survivors (1024K)
 Metaspace       used 24822K, committed 25152K, reserved 1114112K
  class space    used 3222K, committed 3392K, reserved 1048576K
}
Event: 6.468 GC heap before
{Heap before GC invocations=7 (full 0):
 garbage-first heap   total 51200K, used 35544K [0x0000000082000000, 0x0000000100000000)
  region size 1024K, 21 young (21504K), 1 survivors (1024K)
 Metaspace       used 28149K, committed 28480K, reserved 1114112K
  class space    used 3748K, committed 3904K, reserved 1048576K
}
Event: 6.479 GC heap after
{Heap after GC invocations=8 (full 0):
 garbage-first heap   total 51200K, used 15840K [0x0000000082000000, 0x0000000100000000)
  region size 1024K, 2 young (2048K), 2 survivors (2048K)
 Metaspace       used 28149K, committed 28480K, reserved 1114112K
  class space    used 3748K, committed 3904K, reserved 1048576K
}
Event: 7.763 GC heap before
{Heap before GC invocations=8 (full 0):
 garbage-first heap   total 51200K, used 36320K [0x0000000082000000, 0x0000000100000000)
  region size 1024K, 22 young (22528K), 2 survivors (2048K)
 Metaspace       used 31080K, committed 31360K, reserved 1114112K
  class space    used 4152K, committed 4288K, reserved 1048576K
}
Event: 7.772 GC heap after
{Heap after GC invocations=9 (full 0):
 garbage-first heap   total 51200K, used 17692K [0x0000000082000000, 0x0000000100000000)
  region size 1024K, 3 young (3072K), 3 survivors (3072K)
 Metaspace       used 31080K, committed 31360K, reserved 1114112K
  class space    used 4152K, committed 4288K, reserved 1048576K
}
Event: 9.262 GC heap before
{Heap before GC invocations=9 (full 0):
 garbage-first heap   total 51200K, used 38172K [0x0000000082000000, 0x0000000100000000)
  region size 1024K, 23 young (23552K), 3 survivors (3072K)
 Metaspace       used 35091K, committed 35328K, reserved 1114112K
  class space    used 4709K, committed 4800K, reserved 1048576K
}
Event: 9.279 GC heap after
{Heap after GC invocations=10 (full 0):
 garbage-first heap   total 51200K, used 19510K [0x0000000082000000, 0x0000000100000000)
  region size 1024K, 2 young (2048K), 2 survivors (2048K)
 Metaspace       used 35091K, committed 35328K, reserved 1114112K
  class space    used 4709K, committed 4800K, reserved 1048576K
}
Event: 9.639 GC heap before
{Heap before GC invocations=10 (full 0):
 garbage-first heap   total 51200K, used 27702K [0x0000000082000000, 0x0000000100000000)
  region size 1024K, 11 young (11264K), 2 survivors (2048K)
 Metaspace       used 35714K, committed 36096K, reserved 1114112K
  class space    used 4782K, committed 4992K, reserved 1048576K
}
Event: 9.651 GC heap after
{Heap after GC invocations=11 (full 0):
 garbage-first heap   total 51200K, used 20221K [0x0000000082000000, 0x0000000100000000)
  region size 1024K, 1 young (1024K), 1 survivors (1024K)
 Metaspace       used 35714K, committed 36096K, reserved 1114112K
  class space    used 4782K, committed 4992K, reserved 1048576K
}
Event: 10.692 GC heap before
{Heap before GC invocations=12 (full 0):
 garbage-first heap   total 51200K, used 39677K [0x0000000082000000, 0x0000000100000000)
  region size 1024K, 20 young (20480K), 1 survivors (1024K)
 Metaspace       used 40806K, committed 41152K, reserved 1114112K
  class space    used 5617K, committed 5824K, reserved 1048576K
}
Event: 10.702 GC heap after
{Heap after GC invocations=13 (full 0):
 garbage-first heap   total 51200K, used 21504K [0x0000000082000000, 0x0000000100000000)
  region size 1024K, 2 young (2048K), 2 survivors (2048K)
 Metaspace       used 40806K, committed 41152K, reserved 1114112K
  class space    used 5617K, committed 5824K, reserved 1048576K
}
Event: 10.768 GC heap before
{Heap before GC invocations=13 (full 0):
 garbage-first heap   total 51200K, used 22528K [0x0000000082000000, 0x0000000100000000)
  region size 1024K, 3 young (3072K), 2 survivors (2048K)
 Metaspace       used 41217K, committed 41600K, reserved 1114112K
  class space    used 5654K, committed 5824K, reserved 1048576K
}
Event: 10.781 GC heap after
{Heap after GC invocations=14 (full 0):
 garbage-first heap   total 51200K, used 21413K [0x0000000082000000, 0x0000000100000000)
  region size 1024K, 1 young (1024K), 1 survivors (1024K)
 Metaspace       used 41217K, committed 41600K, reserved 1114112K
  class space    used 5654K, committed 5824K, reserved 1048576K
}
Event: 12.588 GC heap before
{Heap before GC invocations=14 (full 0):
 garbage-first heap   total 51200K, used 39845K [0x0000000082000000, 0x0000000100000000)
  region size 1024K, 19 young (19456K), 1 survivors (1024K)
 Metaspace       used 46029K, committed 46400K, reserved 1114112K
  class space    used 6264K, committed 6464K, reserved 1048576K
}
Event: 12.597 GC heap after
{Heap after GC invocations=15 (full 0):
 garbage-first heap   total 101376K, used 23131K [0x0000000082000000, 0x0000000100000000)
  region size 1024K, 2 young (2048K), 2 survivors (2048K)
 Metaspace       used 46029K, committed 46400K, reserved 1114112K
  class space    used 6264K, committed 6464K, reserved 1048576K
}
Event: 15.004 GC heap before
{Heap before GC invocations=15 (full 0):
 garbage-first heap   total 101376K, used 78427K [0x0000000082000000, 0x0000000100000000)
  region size 1024K, 56 young (57344K), 2 survivors (2048K)
 Metaspace       used 55825K, committed 56192K, reserved 1114112K
  class space    used 7686K, committed 7872K, reserved 1048576K
}
Event: 15.021 GC heap after
{Heap after GC invocations=16 (full 0):
 garbage-first heap   total 101376K, used 26368K [0x0000000082000000, 0x0000000100000000)
  region size 1024K, 6 young (6144K), 6 survivors (6144K)
 Metaspace       used 55825K, committed 56192K, reserved 1114112K
  class space    used 7686K, committed 7872K, reserved 1048576K
}

