# JRE version: OpenJDK Runtime Environment Temurin-17.0.12+7 (17.0.12+7) (build 17.0.12+7)
# Java VM: OpenJDK 64-Bit Server VM Temurin-17.0.12+7 (17.0.12+7, mixed mode, emulated-client, tiered, compressed oops, compressed class ptrs, g1 gc, windows-amd64)
GC Precious Log:
 CPUs: 8 total, 8 available
 Memory: 8056M
 Large Page Support: Disabled
 NUMA Support: Disabled
 Compressed Oops: Enabled (32-bit)
 Heap Region Size: 1M
 Heap Min Capacity: 8M
 Heap Initial Capacity: 126M
 Heap Max Capacity: 1G
 Pre-touch: Disabled
 Parallel Workers: 8
 Concurrent Workers: 2
 Concurrent Refinement Workers: 8
 Periodic GC: Disabled
Heap:
 garbage-first heap   total 81920K, used 25655K [0x00000000c0000000, 0x0000000100000000)
  region size 1024K, 1 young (1024K), 0 survivors (0K)
 Metaspace       used 41154K, committed 41536K, reserved 1114112K
  class space    used 5280K, committed 5504K, reserved 1048576K
GC Heap History (20 events):
Event: 1931.213 GC heap after
{Heap after GC invocations=60 (full 48):
 garbage-first heap   total 81920K, used 25655K [0x00000000c0000000, 0x0000000100000000)
  region size 1024K, 0 young (0K), 0 survivors (0K)
 Metaspace       used 41154K, committed 41536K, reserved 1114112K
  class space    used 5280K, committed 5504K, reserved 1048576K
}
Event: 1941.550 GC heap before
{Heap before GC invocations=60 (full 48):
 garbage-first heap   total 81920K, used 25655K [0x00000000c0000000, 0x0000000100000000)
  region size 1024K, 1 young (1024K), 0 survivors (0K)
 Metaspace       used 41154K, committed 41536K, reserved 1114112K
  class space    used 5280K, committed 5504K, reserved 1048576K
}
Event: 1941.610 GC heap after
{Heap after GC invocations=61 (full 49):
 garbage-first heap   total 81920K, used 25655K [0x00000000c0000000, 0x0000000100000000)
  region size 1024K, 0 young (0K), 0 survivors (0K)
 Metaspace       used 41154K, committed 41536K, reserved 1114112K
  class space    used 5280K, committed 5504K, reserved 1048576K
}
Event: 1951.952 GC heap before
{Heap before GC invocations=61 (full 49):
 garbage-first heap   total 81920K, used 25655K [0x00000000c0000000, 0x0000000100000000)
  region size 1024K, 1 young (1024K), 0 survivors (0K)
 Metaspace       used 41154K, committed 41536K, reserved 1114112K
  class space    used 5280K, committed 5504K, reserved 1048576K
}
Event: 1952.014 GC heap after
{Heap after GC invocations=62 (full 50):
 garbage-first heap   total 81920K, used 25655K [0x00000000c0000000, 0x0000000100000000)
  region size 1024K, 0 young (0K), 0 survivors (0K)
 Metaspace       used 41154K, committed 41536K, reserved 1114112K
  class space    used 5280K, committed 5504K, reserved 1048576K
}
Event: 1962.314 GC heap before
{Heap before GC invocations=62 (full 50):
 garbage-first heap   total 81920K, used 25655K [0x00000000c0000000, 0x0000000100000000)
  region size 1024K, 1 young (1024K), 0 survivors (0K)
 Metaspace       used 41154K, committed 41536K, reserved 1114112K
  class space    used 5280K, committed 5504K, reserved 1048576K
}
Event: 1962.367 GC heap after
{Heap after GC invocations=63 (full 51):
 garbage-first heap   total 81920K, used 25655K [0x00000000c0000000, 0x0000000100000000)
  region size 1024K, 0 young (0K), 0 survivors (0K)
 Metaspace       used 41154K, committed 41536K, reserved 1114112K
  class space    used 5280K, committed 5504K, reserved 1048576K
}
Event: 1972.658 GC heap before
{Heap before GC invocations=63 (full 51):
 garbage-first heap   total 81920K, used 25655K [0x00000000c0000000, 0x0000000100000000)
  region size 1024K, 1 young (1024K), 0 survivors (0K)
 Metaspace       used 41154K, committed 41536K, reserved 1114112K
  class space    used 5280K, committed 5504K, reserved 1048576K
}
Event: 1972.710 GC heap after
{Heap after GC invocations=64 (full 52):
 garbage-first heap   total 81920K, used 25655K [0x00000000c0000000, 0x0000000100000000)
  region size 1024K, 0 young (0K), 0 survivors (0K)
 Metaspace       used 41154K, committed 41536K, reserved 1114112K
  class space    used 5280K, committed 5504K, reserved 1048576K
}
Event: 1982.973 GC heap before
{Heap before GC invocations=64 (full 52):
 garbage-first heap   total 81920K, used 25655K [0x00000000c0000000, 0x0000000100000000)
  region size 1024K, 1 young (1024K), 0 survivors (0K)
 Metaspace       used 41154K, committed 41536K, reserved 1114112K
  class space    used 5280K, committed 5504K, reserved 1048576K
}
Event: 1983.048 GC heap after
{Heap after GC invocations=65 (full 53):
 garbage-first heap   total 81920K, used 25655K [0x00000000c0000000, 0x0000000100000000)
  region size 1024K, 0 young (0K), 0 survivors (0K)
 Metaspace       used 41154K, committed 41536K, reserved 1114112K
  class space    used 5280K, committed 5504K, reserved 1048576K
}
Event: 1993.565 GC heap before
{Heap before GC invocations=65 (full 53):
 garbage-first heap   total 81920K, used 25655K [0x00000000c0000000, 0x0000000100000000)
  region size 1024K, 1 young (1024K), 0 survivors (0K)
 Metaspace       used 41154K, committed 41536K, reserved 1114112K
  class space    used 5280K, committed 5504K, reserved 1048576K
}
Event: 1993.629 GC heap after
{Heap after GC invocations=66 (full 54):
 garbage-first heap   total 81920K, used 25655K [0x00000000c0000000, 0x0000000100000000)
  region size 1024K, 0 young (0K), 0 survivors (0K)
 Metaspace       used 41154K, committed 41536K, reserved 1114112K
  class space    used 5280K, committed 5504K, reserved 1048576K
}
Event: 2003.951 GC heap before
{Heap before GC invocations=66 (full 54):
 garbage-first heap   total 81920K, used 25655K [0x00000000c0000000, 0x0000000100000000)
  region size 1024K, 1 young (1024K), 0 survivors (0K)
 Metaspace       used 41154K, committed 41536K, reserved 1114112K
  class space    used 5280K, committed 5504K, reserved 1048576K
}
Event: 2004.012 GC heap after
{Heap after GC invocations=67 (full 55):
 garbage-first heap   total 81920K, used 25655K [0x00000000c0000000, 0x0000000100000000)
  region size 1024K, 0 young (0K), 0 survivors (0K)
 Metaspace       used 41154K, committed 41536K, reserved 1114112K
  class space    used 5280K, committed 5504K, reserved 1048576K
}
Event: 2014.523 GC heap before
{Heap before GC invocations=67 (full 55):
 garbage-first heap   total 81920K, used 25655K [0x00000000c0000000, 0x0000000100000000)
  region size 1024K, 1 young (1024K), 0 survivors (0K)
 Metaspace       used 41154K, committed 41536K, reserved 1114112K
  class space    used 5280K, committed 5504K, reserved 1048576K
}
Event: 2014.591 GC heap after
{Heap after GC invocations=68 (full 56):
 garbage-first heap   total 81920K, used 25655K [0x00000000c0000000, 0x0000000100000000)
  region size 1024K, 0 young (0K), 0 survivors (0K)
 Metaspace       used 41154K, committed 41536K, reserved 1114112K
  class space    used 5280K, committed 5504K, reserved 1048576K
}
Event: 2024.804 GC heap before
{Heap before GC invocations=68 (full 56):
 garbage-first heap   total 81920K, used 25655K [0x00000000c0000000, 0x0000000100000000)
  region size 1024K, 1 young (1024K), 0 survivors (0K)
 Metaspace       used 41154K, committed 41536K, reserved 1114112K
  class space    used 5280K, committed 5504K, reserved 1048576K
}
Event: 2024.846 GC heap after
{Heap after GC invocations=69 (full 57):
 garbage-first heap   total 81920K, used 25655K [0x00000000c0000000, 0x0000000100000000)
  region size 1024K, 0 young (0K), 0 survivors (0K)
 Metaspace       used 41154K, committed 41536K, reserved 1114112K
  class space    used 5280K, committed 5504K, reserved 1048576K
}
Event: 2035.040 GC heap before
{Heap before GC invocations=69 (full 57):
 garbage-first heap   total 81920K, used 25655K [0x00000000c0000000, 0x0000000100000000)
  region size 1024K, 1 young (1024K), 0 survivors (0K)
 Metaspace       used 41154K, committed 41536K, reserved 1114112K
  class space    used 5280K, committed 5504K, reserved 1048576K
}

