# JRE version: OpenJDK Runtime Environment Zulu17.44+15-CA (17.0.8+7) (build 17.0.8+7-LTS)
# Java VM: OpenJDK 64-Bit Server VM Zulu17.44+15-CA (17.0.8+7-LTS, mixed mode, sharing, tiered, compressed oops, compressed class ptrs, g1 gc, windows-amd64)
GC Precious Log:
 CPUs: 8 total, 8 available
 Memory: 8056M
 Large Page Support: Disabled
 NUMA Support: Disabled
 Compressed Oops: Enabled (32-bit)
 Heap Region Size: 1M
 Heap Min Capacity: 8M
 Heap Initial Capacity: 126M
 Heap Max Capacity: 2016M
 Pre-touch: Disabled
 Parallel Workers: 8
 Concurrent Workers: 2
 Concurrent Refinement Workers: 8
 Periodic GC: Disabled
Heap:
 garbage-first heap   total 156672K, used 57618K [0x0000000082000000, 0x0000000100000000)
  region size 1024K, 12 young (12288K), 7 survivors (7168K)
 Metaspace       used 37352K, committed 37760K, reserved 1114112K
  class space    used 4267K, committed 4480K, reserved 1048576K
GC Heap History (20 events):
Event: 7.232 GC heap before
{Heap before GC invocations=4 (full 0):
 garbage-first heap   total 129024K, used 47265K [0x0000000082000000, 0x0000000100000000)
  region size 1024K, 35 young (35840K), 5 survivors (5120K)
 Metaspace       used 21251K, committed 21504K, reserved 1114112K
  class space    used 2467K, committed 2560K, reserved 1048576K
}
Event: 7.239 GC heap after
{Heap after GC invocations=5 (full 0):
 garbage-first heap   total 129024K, used 17856K [0x0000000082000000, 0x0000000100000000)
  region size 1024K, 6 young (6144K), 6 survivors (6144K)
 Metaspace       used 21251K, committed 21504K, reserved 1114112K
  class space    used 2467K, committed 2560K, reserved 1048576K
}
Event: 8.467 GC heap before
{Heap before GC invocations=6 (full 0):
 garbage-first heap   total 65536K, used 52672K [0x0000000082000000, 0x0000000100000000)
  region size 1024K, 38 young (38912K), 6 survivors (6144K)
 Metaspace       used 25907K, committed 26176K, reserved 1114112K
  class space    used 2961K, committed 3072K, reserved 1048576K
}
Event: 8.503 GC heap after
{Heap after GC invocations=7 (full 0):
 garbage-first heap   total 71680K, used 31853K [0x0000000082000000, 0x0000000100000000)
  region size 1024K, 5 young (5120K), 5 survivors (5120K)
 Metaspace       used 25907K, committed 26176K, reserved 1114112K
  class space    used 2961K, committed 3072K, reserved 1048576K
}
Event: 8.545 GC heap before
{Heap before GC invocations=7 (full 0):
 garbage-first heap   total 71680K, used 32877K [0x0000000082000000, 0x0000000100000000)
  region size 1024K, 6 young (6144K), 5 survivors (5120K)
 Metaspace       used 25912K, committed 26240K, reserved 1114112K
  class space    used 2961K, committed 3072K, reserved 1048576K
}
Event: 8.558 GC heap after
{Heap after GC invocations=8 (full 0):
 garbage-first heap   total 71680K, used 33580K [0x0000000082000000, 0x0000000100000000)
  region size 1024K, 1 young (1024K), 1 survivors (1024K)
 Metaspace       used 25912K, committed 26240K, reserved 1114112K
  class space    used 2961K, committed 3072K, reserved 1048576K
}
Event: 9.083 GC heap before
{Heap before GC invocations=8 (full 0):
 garbage-first heap   total 71680K, used 53036K [0x0000000082000000, 0x0000000100000000)
  region size 1024K, 21 young (21504K), 1 survivors (1024K)
 Metaspace       used 26305K, committed 26560K, reserved 1114112K
  class space    used 3006K, committed 3136K, reserved 1048576K
}
Event: 9.096 GC heap after
{Heap after GC invocations=9 (full 0):
 garbage-first heap   total 71680K, used 38400K [0x0000000082000000, 0x0000000100000000)
  region size 1024K, 3 young (3072K), 3 survivors (3072K)
 Metaspace       used 26305K, committed 26560K, reserved 1114112K
  class space    used 3006K, committed 3136K, reserved 1048576K
}
Event: 9.346 GC heap before
{Heap before GC invocations=10 (full 0):
 garbage-first heap   total 71680K, used 46592K [0x0000000082000000, 0x0000000100000000)
  region size 1024K, 12 young (12288K), 3 survivors (3072K)
 Metaspace       used 26537K, committed 26752K, reserved 1114112K
  class space    used 3023K, committed 3136K, reserved 1048576K
}
Event: 9.357 GC heap after
{Heap after GC invocations=11 (full 0):
 garbage-first heap   total 71680K, used 40778K [0x0000000082000000, 0x0000000100000000)
  region size 1024K, 3 young (3072K), 3 survivors (3072K)
 Metaspace       used 26537K, committed 26752K, reserved 1114112K
  class space    used 3023K, committed 3136K, reserved 1048576K
}
Event: 9.767 GC heap before
{Heap before GC invocations=12 (full 0):
 garbage-first heap   total 78848K, used 56138K [0x0000000082000000, 0x0000000100000000)
  region size 1024K, 17 young (17408K), 3 survivors (3072K)
 Metaspace       used 26810K, committed 27072K, reserved 1114112K
  class space    used 3040K, committed 3136K, reserved 1048576K
}
Event: 9.789 GC heap after
{Heap after GC invocations=13 (full 0):
 garbage-first heap   total 78848K, used 43942K [0x0000000082000000, 0x0000000100000000)
  region size 1024K, 3 young (3072K), 3 survivors (3072K)
 Metaspace       used 26810K, committed 27072K, reserved 1114112K
  class space    used 3040K, committed 3136K, reserved 1048576K
}
Event: 10.961 GC heap before
{Heap before GC invocations=13 (full 0):
 garbage-first heap   total 78848K, used 59302K [0x0000000082000000, 0x0000000100000000)
  region size 1024K, 19 young (19456K), 3 survivors (3072K)
 Metaspace       used 27865K, committed 28160K, reserved 1114112K
  class space    used 3160K, committed 3264K, reserved 1048576K
}
Event: 10.973 GC heap after
{Heap after GC invocations=14 (full 0):
 garbage-first heap   total 156672K, used 44970K [0x0000000082000000, 0x0000000100000000)
  region size 1024K, 1 young (1024K), 1 survivors (1024K)
 Metaspace       used 27865K, committed 28160K, reserved 1114112K
  class space    used 3160K, committed 3264K, reserved 1048576K
}
Event: 12.304 GC heap before
{Heap before GC invocations=15 (full 0):
 garbage-first heap   total 156672K, used 109482K [0x0000000082000000, 0x0000000100000000)
  region size 1024K, 62 young (63488K), 1 survivors (1024K)
 Metaspace       used 30639K, committed 30912K, reserved 1114112K
  class space    used 3464K, committed 3584K, reserved 1048576K
}
Event: 12.312 GC heap after
{Heap after GC invocations=16 (full 0):
 garbage-first heap   total 156672K, used 48011K [0x0000000082000000, 0x0000000100000000)
  region size 1024K, 3 young (3072K), 3 survivors (3072K)
 Metaspace       used 30639K, committed 30912K, reserved 1114112K
  class space    used 3464K, committed 3584K, reserved 1048576K
}
Event: 15.215 GC heap before
{Heap before GC invocations=16 (full 0):
 garbage-first heap   total 156672K, used 111499K [0x0000000082000000, 0x0000000100000000)
  region size 1024K, 65 young (66560K), 3 survivors (3072K)
 Metaspace       used 35253K, committed 35584K, reserved 1114112K
  class space    used 4030K, committed 4160K, reserved 1048576K
}
Event: 15.242 GC heap after
{Heap after GC invocations=17 (full 0):
 garbage-first heap   total 156672K, used 51757K [0x0000000082000000, 0x0000000100000000)
  region size 1024K, 7 young (7168K), 7 survivors (7168K)
 Metaspace       used 35253K, committed 35584K, reserved 1114112K
  class space    used 4030K, committed 4160K, reserved 1048576K
}
Event: 19.243 GC heap before
{Heap before GC invocations=17 (full 0):
 garbage-first heap   total 156672K, used 117293K [0x0000000082000000, 0x0000000100000000)
  region size 1024K, 69 young (70656K), 7 survivors (7168K)
 Metaspace       used 37333K, committed 37760K, reserved 1114112K
  class space    used 4265K, committed 4480K, reserved 1048576K
}
Event: 19.273 GC heap after
{Heap after GC invocations=18 (full 0):
 garbage-first heap   total 156672K, used 54546K [0x0000000082000000, 0x0000000100000000)
  region size 1024K, 7 young (7168K), 7 survivors (7168K)
 Metaspace       used 37333K, committed 37760K, reserved 1114112K
  class space    used 4265K, committed 4480K, reserved 1048576K
}

