# JRE version: OpenJDK Runtime Environment Temurin-17.0.12+7 (17.0.12+7) (build 17.0.12+7)
# Java VM: OpenJDK 64-Bit Server VM Temurin-17.0.12+7 (17.0.12+7, mixed mode, emulated-client, tiered, compressed oops, compressed class ptrs, g1 gc, windows-amd64)
GC Precious Log:
 CPUs: 8 total, 8 available
 Memory: 8056M
 Large Page Support: Disabled
 NUMA Support: Disabled
 Compressed Oops: Enabled (32-bit)
 Heap Region Size: 1M
 Heap Min Capacity: 8M
 Heap Initial Capacity: 126M
 Heap Max Capacity: 1G
 Pre-touch: Disabled
 Parallel Workers: 8
 Concurrent Workers: 2
 Concurrent Refinement Workers: 8
 Periodic GC: Disabled
Heap:
 garbage-first heap   total 89088K, used 25350K [0x00000000c0000000, 0x0000000100000000)
  region size 1024K, 1 young (1024K), 0 survivors (0K)
 Metaspace       used 40913K, committed 41536K, reserved 1114112K
  class space    used 5225K, committed 5504K, reserved 1048576K
GC Heap History (20 events):
Event: 97.718 GC heap after
{Heap after GC invocations=14 (full 5):
 garbage-first heap   total 89088K, used 25350K [0x00000000c0000000, 0x0000000100000000)
  region size 1024K, 0 young (0K), 0 survivors (0K)
 Metaspace       used 40913K, committed 41536K, reserved 1114112K
  class space    used 5225K, committed 5504K, reserved 1048576K
}
Event: 108.125 GC heap before
{Heap before GC invocations=14 (full 5):
 garbage-first heap   total 89088K, used 25350K [0x00000000c0000000, 0x0000000100000000)
  region size 1024K, 1 young (1024K), 0 survivors (0K)
 Metaspace       used 40913K, committed 41536K, reserved 1114112K
  class space    used 5225K, committed 5504K, reserved 1048576K
}
Event: 108.192 GC heap after
{Heap after GC invocations=15 (full 6):
 garbage-first heap   total 89088K, used 25350K [0x00000000c0000000, 0x0000000100000000)
  region size 1024K, 0 young (0K), 0 survivors (0K)
 Metaspace       used 40913K, committed 41536K, reserved 1114112K
  class space    used 5225K, committed 5504K, reserved 1048576K
}
Event: 118.439 GC heap before
{Heap before GC invocations=15 (full 6):
 garbage-first heap   total 89088K, used 25350K [0x00000000c0000000, 0x0000000100000000)
  region size 1024K, 1 young (1024K), 0 survivors (0K)
 Metaspace       used 40913K, committed 41536K, reserved 1114112K
  class space    used 5225K, committed 5504K, reserved 1048576K
}
Event: 118.494 GC heap after
{Heap after GC invocations=16 (full 7):
 garbage-first heap   total 89088K, used 25350K [0x00000000c0000000, 0x0000000100000000)
  region size 1024K, 0 young (0K), 0 survivors (0K)
 Metaspace       used 40913K, committed 41536K, reserved 1114112K
  class space    used 5225K, committed 5504K, reserved 1048576K
}
Event: 128.983 GC heap before
{Heap before GC invocations=16 (full 7):
 garbage-first heap   total 89088K, used 25350K [0x00000000c0000000, 0x0000000100000000)
  region size 1024K, 1 young (1024K), 0 survivors (0K)
 Metaspace       used 40913K, committed 41536K, reserved 1114112K
  class space    used 5225K, committed 5504K, reserved 1048576K
}
Event: 129.047 GC heap after
{Heap after GC invocations=17 (full 8):
 garbage-first heap   total 89088K, used 25350K [0x00000000c0000000, 0x0000000100000000)
  region size 1024K, 0 young (0K), 0 survivors (0K)
 Metaspace       used 40913K, committed 41536K, reserved 1114112K
  class space    used 5225K, committed 5504K, reserved 1048576K
}
Event: 139.380 GC heap before
{Heap before GC invocations=17 (full 8):
 garbage-first heap   total 89088K, used 25350K [0x00000000c0000000, 0x0000000100000000)
  region size 1024K, 1 young (1024K), 0 survivors (0K)
 Metaspace       used 40913K, committed 41536K, reserved 1114112K
  class space    used 5225K, committed 5504K, reserved 1048576K
}
Event: 139.441 GC heap after
{Heap after GC invocations=18 (full 9):
 garbage-first heap   total 89088K, used 25350K [0x00000000c0000000, 0x0000000100000000)
  region size 1024K, 0 young (0K), 0 survivors (0K)
 Metaspace       used 40913K, committed 41536K, reserved 1114112K
  class space    used 5225K, committed 5504K, reserved 1048576K
}
Event: 149.909 GC heap before
{Heap before GC invocations=18 (full 9):
 garbage-first heap   total 89088K, used 25350K [0x00000000c0000000, 0x0000000100000000)
  region size 1024K, 1 young (1024K), 0 survivors (0K)
 Metaspace       used 40913K, committed 41536K, reserved 1114112K
  class space    used 5225K, committed 5504K, reserved 1048576K
}
Event: 149.974 GC heap after
{Heap after GC invocations=19 (full 10):
 garbage-first heap   total 89088K, used 25350K [0x00000000c0000000, 0x0000000100000000)
  region size 1024K, 0 young (0K), 0 survivors (0K)
 Metaspace       used 40913K, committed 41536K, reserved 1114112K
  class space    used 5225K, committed 5504K, reserved 1048576K
}
Event: 160.271 GC heap before
{Heap before GC invocations=19 (full 10):
 garbage-first heap   total 89088K, used 25350K [0x00000000c0000000, 0x0000000100000000)
  region size 1024K, 1 young (1024K), 0 survivors (0K)
 Metaspace       used 40913K, committed 41536K, reserved 1114112K
  class space    used 5225K, committed 5504K, reserved 1048576K
}
Event: 160.328 GC heap after
{Heap after GC invocations=20 (full 11):
 garbage-first heap   total 89088K, used 25350K [0x00000000c0000000, 0x0000000100000000)
  region size 1024K, 0 young (0K), 0 survivors (0K)
 Metaspace       used 40913K, committed 41536K, reserved 1114112K
  class space    used 5225K, committed 5504K, reserved 1048576K
}
Event: 170.573 GC heap before
{Heap before GC invocations=20 (full 11):
 garbage-first heap   total 89088K, used 25350K [0x00000000c0000000, 0x0000000100000000)
  region size 1024K, 1 young (1024K), 0 survivors (0K)
 Metaspace       used 40913K, committed 41536K, reserved 1114112K
  class space    used 5225K, committed 5504K, reserved 1048576K
}
Event: 170.628 GC heap after
{Heap after GC invocations=21 (full 12):
 garbage-first heap   total 89088K, used 25350K [0x00000000c0000000, 0x0000000100000000)
  region size 1024K, 0 young (0K), 0 survivors (0K)
 Metaspace       used 40913K, committed 41536K, reserved 1114112K
  class space    used 5225K, committed 5504K, reserved 1048576K
}
Event: 180.993 GC heap before
{Heap before GC invocations=21 (full 12):
 garbage-first heap   total 89088K, used 25350K [0x00000000c0000000, 0x0000000100000000)
  region size 1024K, 1 young (1024K), 0 survivors (0K)
 Metaspace       used 40913K, committed 41536K, reserved 1114112K
  class space    used 5225K, committed 5504K, reserved 1048576K
}
Event: 181.044 GC heap after
{Heap after GC invocations=22 (full 13):
 garbage-first heap   total 89088K, used 25350K [0x00000000c0000000, 0x0000000100000000)
  region size 1024K, 0 young (0K), 0 survivors (0K)
 Metaspace       used 40913K, committed 41536K, reserved 1114112K
  class space    used 5225K, committed 5504K, reserved 1048576K
}
Event: 191.379 GC heap before
{Heap before GC invocations=22 (full 13):
 garbage-first heap   total 89088K, used 25350K [0x00000000c0000000, 0x0000000100000000)
  region size 1024K, 1 young (1024K), 0 survivors (0K)
 Metaspace       used 40913K, committed 41536K, reserved 1114112K
  class space    used 5225K, committed 5504K, reserved 1048576K
}
Event: 191.437 GC heap after
{Heap after GC invocations=23 (full 14):
 garbage-first heap   total 89088K, used 25350K [0x00000000c0000000, 0x0000000100000000)
  region size 1024K, 0 young (0K), 0 survivors (0K)
 Metaspace       used 40913K, committed 41536K, reserved 1114112K
  class space    used 5225K, committed 5504K, reserved 1048576K
}
Event: 201.520 GC heap before
{Heap before GC invocations=23 (full 14):
 garbage-first heap   total 89088K, used 25350K [0x00000000c0000000, 0x0000000100000000)
  region size 1024K, 1 young (1024K), 0 survivors (0K)
 Metaspace       used 40913K, committed 41536K, reserved 1114112K
  class space    used 5225K, committed 5504K, reserved 1048576K
}

